20-Feb-2022 11:38:14.253 정보 [main] org.apache.catalina.startup.VersionLoggerListener.log 서버 버전 이름:    Apache Tomcat/9.0.55
20-Feb-2022 11:38:14.257 정보 [main] org.apache.catalina.startup.VersionLoggerListener.log Server 빌드 시각:  Nov 10 2021 08:26:45 UTC
20-Feb-2022 11:38:14.257 정보 [main] org.apache.catalina.startup.VersionLoggerListener.log Server 버전 번호:  9.0.55.0
20-Feb-2022 11:38:14.257 정보 [main] org.apache.catalina.startup.VersionLoggerListener.log 운영체제 이름:     Windows 10
20-Feb-2022 11:38:14.257 정보 [main] org.apache.catalina.startup.VersionLoggerListener.log 운영체제 버전:     10.0
20-Feb-2022 11:38:14.257 정보 [main] org.apache.catalina.startup.VersionLoggerListener.log 아키텍처:          amd64
20-Feb-2022 11:38:14.257 정보 [main] org.apache.catalina.startup.VersionLoggerListener.log 자바 홈:           C:\Program Files\Java\jdk1.8.0_301\jre
20-Feb-2022 11:38:14.257 정보 [main] org.apache.catalina.startup.VersionLoggerListener.log JVM 버전:          1.8.0_301-b09
20-Feb-2022 11:38:14.257 정보 [main] org.apache.catalina.startup.VersionLoggerListener.log JVM 벤더:          Oracle Corporation
20-Feb-2022 11:38:14.258 정보 [main] org.apache.catalina.startup.VersionLoggerListener.log CATALINA_BASE:     C:\server\apache-tomcat-9.0.55
20-Feb-2022 11:38:14.258 정보 [main] org.apache.catalina.startup.VersionLoggerListener.log CATALINA_HOME:     C:\server\apache-tomcat-9.0.55
20-Feb-2022 11:38:14.259 정보 [main] org.apache.catalina.startup.VersionLoggerListener.log 명령 행 아규먼트:  -Djava.util.logging.config.file=C:/server/apache-tomcat-9.0.55/conf/logging.properties
20-Feb-2022 11:38:14.260 정보 [main] org.apache.catalina.startup.VersionLoggerListener.log 명령 행 아규먼트:  -Djava.util.logging.manager=org.apache.juli.ClassLoaderLogManager
20-Feb-2022 11:38:14.260 정보 [main] org.apache.catalina.startup.VersionLoggerListener.log 명령 행 아규먼트:  -Djdk.tls.ephemeralDHKeySize=2048
20-Feb-2022 11:38:14.260 정보 [main] org.apache.catalina.startup.VersionLoggerListener.log 명령 행 아규먼트:  -Djava.protocol.handler.pkgs=org.apache.catalina.webresources
20-Feb-2022 11:38:14.260 정보 [main] org.apache.catalina.startup.VersionLoggerListener.log 명령 행 아규먼트:  -Dorg.apache.catalina.security.SecurityListener.UMASK=0027
20-Feb-2022 11:38:14.260 정보 [main] org.apache.catalina.startup.VersionLoggerListener.log 명령 행 아규먼트:  -Dignore.endorsed.dirs=
20-Feb-2022 11:38:14.260 정보 [main] org.apache.catalina.startup.VersionLoggerListener.log 명령 행 아규먼트:  -Dcatalina.base=C:/server/apache-tomcat-9.0.55
20-Feb-2022 11:38:14.260 정보 [main] org.apache.catalina.startup.VersionLoggerListener.log 명령 행 아규먼트:  -Dcatalina.home=C:/server/apache-tomcat-9.0.55
20-Feb-2022 11:38:14.260 정보 [main] org.apache.catalina.startup.VersionLoggerListener.log 명령 행 아규먼트:  -Djava.io.tmpdir=C:/server/apache-tomcat-9.0.55/temp
20-Feb-2022 11:38:14.282 정보 [main] org.apache.catalina.core.AprLifecycleListener.lifecycleEvent APR 버전 [1.7.0]을(를) 사용한, APR 기반 Apache Tomcat Native 라이브러리 [1.2.31]을(를) 로드했습니다.
20-Feb-2022 11:38:14.282 정보 [main] org.apache.catalina.core.AprLifecycleListener.lifecycleEvent APR 용량정보들: IPv6 [true], sendfile [true], accept filters [false], random [true], UDS [true].
20-Feb-2022 11:38:14.282 정보 [main] org.apache.catalina.core.AprLifecycleListener.lifecycleEvent APR/OpenSSL 설정: useAprConnector [false], useOpenSSL [true]
20-Feb-2022 11:38:14.288 정보 [main] org.apache.catalina.core.AprLifecycleListener.initializeSSL OpenSSL이 성공적으로 초기화되었습니다: [OpenSSL 1.1.1l  24 Aug 2021]
20-Feb-2022 11:38:14.559 정보 [main] org.apache.coyote.AbstractProtocol.init 프로토콜 핸들러 ["http-nio-8080"]을(를) 초기화합니다.
20-Feb-2022 11:38:14.588 정보 [main] org.apache.catalina.startup.Catalina.load [504] 밀리초 내에 서버가 초기화되었습니다.
20-Feb-2022 11:38:14.619 정보 [main] org.apache.catalina.core.StandardService.startInternal 서비스 [Catalina]을(를) 시작합니다.
20-Feb-2022 11:38:14.619 정보 [main] org.apache.catalina.core.StandardEngine.startInternal 서버 엔진을 시작합니다: [Apache Tomcat/9.0.55]
20-Feb-2022 11:38:14.628 정보 [main] org.apache.catalina.startup.HostConfig.deployDirectory 웹 애플리케이션 디렉토리 [C:\server\apache-tomcat-9.0.55\webapps\android_server]을(를) 배치합니다.
20-Feb-2022 11:38:15.385 정보 [main] org.apache.jasper.servlet.TldScanner.scanJars 적어도 하나의 JAR가 TLD들을 찾기 위해 스캔되었으나 아무 것도 찾지 못했습니다. 스캔했으나 TLD가 없는 JAR들의 전체 목록을 보시려면, 로그 레벨을 디버그 레벨로 설정하십시오. 스캔 과정에서 불필요한 JAR들을 건너뛰면, 시스템 시작 시간과 JSP 컴파일 시간을 단축시킬 수 있습니다.
20-Feb-2022 11:38:15.674 경고 [main] org.apache.catalina.util.SessionIdGeneratorBase.createSecureRandom [SHA1PRNG] 알고리즘을 사용하여, 세션 ID를 생성하기 위한 SecureRandom 객체를 생성하는데, [260] 밀리초가 소요됐습니다.
20-Feb-2022 11:38:15.711 정보 [main] org.apache.catalina.startup.HostConfig.deployDirectory 웹 애플리케이션 디렉토리 [C:\server\apache-tomcat-9.0.55\webapps\android_server]에 대한 배치가 [1,083] 밀리초에 완료되었습니다.
20-Feb-2022 11:38:15.712 정보 [main] org.apache.catalina.startup.HostConfig.deployDirectory 웹 애플리케이션 디렉토리 [C:\server\apache-tomcat-9.0.55\webapps\docs]을(를) 배치합니다.
20-Feb-2022 11:38:15.737 정보 [main] org.apache.catalina.startup.HostConfig.deployDirectory 웹 애플리케이션 디렉토리 [C:\server\apache-tomcat-9.0.55\webapps\docs]에 대한 배치가 [25] 밀리초에 완료되었습니다.
20-Feb-2022 11:38:15.737 정보 [main] org.apache.catalina.startup.HostConfig.deployDirectory 웹 애플리케이션 디렉토리 [C:\server\apache-tomcat-9.0.55\webapps\examples]을(를) 배치합니다.
20-Feb-2022 11:38:16.316 정보 [main] org.apache.catalina.startup.HostConfig.deployDirectory 웹 애플리케이션 디렉토리 [C:\server\apache-tomcat-9.0.55\webapps\examples]에 대한 배치가 [579] 밀리초에 완료되었습니다.
20-Feb-2022 11:38:16.316 정보 [main] org.apache.catalina.startup.HostConfig.deployDirectory 웹 애플리케이션 디렉토리 [C:\server\apache-tomcat-9.0.55\webapps\host-manager]을(를) 배치합니다.
20-Feb-2022 11:38:16.348 정보 [main] org.apache.catalina.startup.HostConfig.deployDirectory 웹 애플리케이션 디렉토리 [C:\server\apache-tomcat-9.0.55\webapps\host-manager]에 대한 배치가 [32] 밀리초에 완료되었습니다.
20-Feb-2022 11:38:16.349 정보 [main] org.apache.catalina.startup.HostConfig.deployDirectory 웹 애플리케이션 디렉토리 [C:\server\apache-tomcat-9.0.55\webapps\manager]을(를) 배치합니다.
20-Feb-2022 11:38:16.376 정보 [main] org.apache.catalina.startup.HostConfig.deployDirectory 웹 애플리케이션 디렉토리 [C:\server\apache-tomcat-9.0.55\webapps\manager]에 대한 배치가 [27] 밀리초에 완료되었습니다.
20-Feb-2022 11:38:16.376 정보 [main] org.apache.catalina.startup.HostConfig.deployDirectory 웹 애플리케이션 디렉토리 [C:\server\apache-tomcat-9.0.55\webapps\ROOT]을(를) 배치합니다.
20-Feb-2022 11:38:16.397 정보 [main] org.apache.catalina.startup.HostConfig.deployDirectory 웹 애플리케이션 디렉토리 [C:\server\apache-tomcat-9.0.55\webapps\ROOT]에 대한 배치가 [20] 밀리초에 완료되었습니다.
20-Feb-2022 11:38:16.400 정보 [main] org.apache.coyote.AbstractProtocol.start 프로토콜 핸들러 ["http-nio-8080"]을(를) 시작합니다.
20-Feb-2022 11:38:16.420 정보 [main] org.apache.catalina.startup.Catalina.start 서버가 [1831] 밀리초 내에 시작되었습니다.
20-Feb-2022 11:38:56.424 정보 [Catalina-utility-2] org.apache.catalina.startup.HostConfig.undeploy 컨텍스트 [/android_server]의 배치를 제거합니다.
20-Feb-2022 11:38:56.494 정보 [Catalina-utility-2] org.apache.catalina.startup.HostConfig.deployWAR 웹 애플리케이션 아카이브 [C:\server\apache-tomcat-9.0.55\webapps\android_server.war]을(를) 배치합니다.
20-Feb-2022 11:38:56.997 정보 [Catalina-utility-2] org.apache.jasper.servlet.TldScanner.scanJars 적어도 하나의 JAR가 TLD들을 찾기 위해 스캔되었으나 아무 것도 찾지 못했습니다. 스캔했으나 TLD가 없는 JAR들의 전체 목록을 보시려면, 로그 레벨을 디버그 레벨로 설정하십시오. 스캔 과정에서 불필요한 JAR들을 건너뛰면, 시스템 시작 시간과 JSP 컴파일 시간을 단축시킬 수 있습니다.
20-Feb-2022 11:38:57.000 정보 [Catalina-utility-2] org.apache.catalina.startup.HostConfig.deployWAR 웹 애플리케이션 아카이브 [C:\server\apache-tomcat-9.0.55\webapps\android_server.war]의 배치가 [506] 밀리초에 완료되었습니다.
